<?xml version="1.0" encoding="UTF-8"?>
<testng-results ignored="0" total="2" passed="2" failed="0" skipped="0">
  <reporter-output>
  </reporter-output>
  <suite started-at="2025-06-12T22:32:54 GMT" name="Surefire suite" finished-at="2025-06-12T22:32:58 GMT" duration-ms="3323">
    <groups>
    </groups>
    <test started-at="2025-06-12T22:32:54 GMT" name="Surefire test" finished-at="2025-06-12T22:32:58 GMT" duration-ms="3323">
      <class name="tests.UserAPITest">
        <test-method signature="testGetInvalidUser()[pri:0, instance:tests.UserAPITest@473b46c3]" started-at="2025-06-12T22:32:54 GMT" name="testGetInvalidUser" finished-at="2025-06-12T22:32:57 GMT" duration-ms="2447" status="PASS">
          <reporter-output>
          </reporter-output>
        </test-method> <!-- testGetInvalidUser -->
        <test-method signature="testGetUser()[pri:0, instance:tests.UserAPITest@473b46c3]" started-at="2025-06-12T22:32:57 GMT" name="testGetUser" finished-at="2025-06-12T22:32:58 GMT" duration-ms="852" status="PASS">
          <reporter-output>
          </reporter-output>
        </test-method> <!-- testGetUser -->
      </class> <!-- tests.UserAPITest -->
    </test> <!-- Surefire test -->
  </suite> <!-- Surefire suite -->
</testng-results>
